<?xml version="1.0" encoding="UTF-8" ?>
<testsuite tests="6" failures="0" name="praktikum.BurgerTest" time="0.694" errors="0" skipped="0">
  <properties>
[...]
</properties>
  <testcase classname="praktikum.BurgerTest" name="removeOneIngredient" time="0.538"/>
  <testcase classname="praktikum.BurgerTest" name="addIngredient" time="0.043"/>
  <testcase classname="praktikum.BurgerTest" name="removeIngredient" time="0.054"/>
  <testcase classname="praktikum.BurgerTest" name="moveIngredient" time="0"/>
  <testcase classname="praktikum.BurgerTest" name="getPrice" time="0.002"/>
  <testcase classname="praktikum.BurgerTest" name="getReceipt" time="0.057"/>
</testsuite>